This file contains any messages produced by compilers while
running configure, to aid debugging if configure makes a mistake.

It was created by emufe configure 3.1.4, which was
generated by GNU Autoconf 2.69.  Invocation command line was

  $ ./configure 

## --------- ##
## Platform. ##
## --------- ##

hostname = mallard
uname -m = x86_64
uname -r = 4.5.7-202.fc23.x86_64
uname -s = Linux
uname -v = #1 SMP Tue Jun 28 18:22:51 UTC 2016

/usr/bin/uname -p = x86_64
/bin/uname -X     = unknown

/bin/arch              = x86_64
/usr/bin/arch -k       = unknown
/usr/convex/getsysinfo = unknown
/usr/bin/hostinfo      = unknown
/bin/machine           = unknown
/usr/bin/oslevel       = unknown
/bin/universe          = unknown

PATH: /usr/lib64/qt-3.3/bin
PATH: /usr/local/sbin
PATH: /usr/local/bin
PATH: /usr/sbin
PATH: /usr/bin
PATH: /root/bin


## ----------- ##
## Core tests. ##
## ----------- ##

configure:2055: checking for a BSD-compatible install
configure:2123: result: /usr/bin/install -c
configure:2134: checking whether build environment is sane
configure:2189: result: yes
configure:2227: WARNING: 'missing' script is too old or missing
configure:2340: checking for a thread-safe mkdir -p
configure:2379: result: /usr/bin/mkdir -p
configure:2386: checking for gawk
configure:2402: found /usr/bin/gawk
configure:2413: result: gawk
configure:2424: checking whether make sets $(MAKE)
configure:2446: result: yes
configure:2475: checking whether make supports nested variables
configure:2492: result: yes
configure:2671: checking for gcc
configure:2687: found /usr/bin/gcc
configure:2698: result: gcc
configure:2927: checking for C compiler version
configure:2936: gcc --version >&5
gcc (GCC) 5.3.1 20160406 (Red Hat 5.3.1-6)
Copyright (C) 2015 Free Software Foundation, Inc.
This is free software; see the source for copying conditions.  There is NO
warranty; not even for MERCHANTABILITY or FITNESS FOR A PARTICULAR PURPOSE.

configure:2947: $? = 0
configure:2936: gcc -v >&5
Using built-in specs.
COLLECT_GCC=gcc
COLLECT_LTO_WRAPPER=/usr/libexec/gcc/x86_64-redhat-linux/5.3.1/lto-wrapper
Target: x86_64-redhat-linux
Configured with: ../configure --enable-bootstrap --enable-languages=c,c++,objc,obj-c++,fortran,ada,go,lto --prefix=/usr --mandir=/usr/share/man --infodir=/usr/share/info --with-bugurl=http://bugzilla.redhat.com/bugzilla --enable-shared --enable-threads=posix --enable-checking=release --enable-multilib --with-system-zlib --enable-__cxa_atexit --disable-libunwind-exceptions --enable-gnu-unique-object --enable-linker-build-id --with-linker-hash-style=gnu --enable-plugin --enable-initfini-array --disable-libgcj --with-isl --enable-libmpx --enable-gnu-indirect-function --with-tune=generic --with-arch_32=i686 --build=x86_64-redhat-linux
Thread model: posix
gcc version 5.3.1 20160406 (Red Hat 5.3.1-6) (GCC) 
configure:2947: $? = 0
configure:2936: gcc -V >&5
gcc: error: unrecognized command line option '-V'
gcc: fatal error: no input files
compilation terminated.
configure:2947: $? = 1
configure:2936: gcc -qversion >&5
gcc: error: unrecognized command line option '-qversion'
gcc: fatal error: no input files
compilation terminated.
configure:2947: $? = 1
configure:2967: checking whether the C compiler works
configure:2989: gcc    conftest.c  >&5
configure:2993: $? = 0
configure:3041: result: yes
configure:3044: checking for C compiler default output file name
configure:3046: result: a.out
configure:3052: checking for suffix of executables
configure:3059: gcc -o conftest    conftest.c  >&5
configure:3063: $? = 0
configure:3085: result: 
configure:3107: checking whether we are cross compiling
configure:3115: gcc -o conftest    conftest.c  >&5
configure:3119: $? = 0
configure:3126: ./conftest
configure:3130: $? = 0
configure:3145: result: no
configure:3150: checking for suffix of object files
configure:3172: gcc -c   conftest.c >&5
configure:3176: $? = 0
configure:3197: result: o
configure:3201: checking whether we are using the GNU C compiler
configure:3220: gcc -c   conftest.c >&5
configure:3220: $? = 0
configure:3229: result: yes
configure:3238: checking whether gcc accepts -g
configure:3258: gcc -c -g  conftest.c >&5
configure:3258: $? = 0
configure:3299: result: yes
configure:3316: checking for gcc option to accept ISO C89
configure:3379: gcc  -c -g -O2  conftest.c >&5
configure:3379: $? = 0
configure:3392: result: none needed
configure:3417: checking whether gcc understands -c and -o together
configure:3439: gcc -c conftest.c -o conftest2.o
configure:3442: $? = 0
configure:3439: gcc -c conftest.c -o conftest2.o
configure:3442: $? = 0
configure:3454: result: yes
configure:3482: checking for style of include used by make
configure:3510: result: GNU
configure:3536: checking dependency style of gcc
configure:3647: result: gcc3
configure:3705: checking for ranlib
configure:3721: found /usr/bin/ranlib
configure:3732: result: ranlib
configure:3758: checking build system type
configure:3772: result: x86_64-unknown-linux-gnu
configure:3792: checking host system type
configure:3805: result: x86_64-unknown-linux-gnu
configure:3825: checking target system type
configure:3838: result: x86_64-unknown-linux-gnu
configure:4340: checking for freetype-config
configure:4371: result: no
configure:4381: checking for FreeType -- version >= 2.1.0
configure:4483: result: no
configure:4492: WARNING:

  The freetype-config script installed by FreeType 2 could not be found.
  If FreeType 2 was installed in PREFIX, make sure PREFIX/bin is in
  your path, or set the FT2_CONFIG environment variable to the
  full path to freetype-config.
       
configure:4610: checking for allegro-config
configure:4641: result: no
configure:4650: checking for Allegro - version >= 4.1.0
configure:4773: result: no
configure:4901: checking for sdl-config
configure:4919: found /usr/bin/sdl-config
configure:4932: result: /usr/bin/sdl-config
configure:4941: checking for SDL - version >= 1.2.5
configure:5028: gcc -o conftest -g -O2 -I/usr/include/SDL -D_GNU_SOURCE=1 -D_REENTRANT   conftest.c  -lSDL -lpthread >&5
configure:5028: $? = 0
configure:5028: ./conftest
configure:5028: $? = 0
configure:5042: result: yes
configure:5129: checking for IMG_Load in -lSDL_image
configure:5154: gcc -o conftest -g -O2 -I/usr/include/SDL -D_GNU_SOURCE=1 -D_REENTRANT   conftest.c -lSDL_image   -lSDL -lpthread >&5
configure:5154: $? = 0
configure:5163: result: yes
configure:5174: checking for Mix_Linked_Version in -lSDL_mixer
configure:5199: gcc -o conftest -g -O2 -I/usr/include/SDL -D_GNU_SOURCE=1 -D_REENTRANT   conftest.c -lSDL_mixer  -lSDL_image  -lSDL -lpthread >&5
configure:5199: $? = 0
configure:5208: result: yes
configure:5336: checking that generated files are newer than configure
configure:5342: result: done
configure:5401: creating ./config.status

## ---------------------- ##
## Running config.status. ##
## ---------------------- ##

This file was extended by emufe config.status 3.1.4, which was
generated by GNU Autoconf 2.69.  Invocation command line was

  CONFIG_FILES    = 
  CONFIG_HEADERS  = 
  CONFIG_LINKS    = 
  CONFIG_COMMANDS = 
  $ ./config.status 

on mallard

config.status:878: creating Makefile
config.status:878: creating src/Makefile
config.status:878: creating widget/Makefile
config.status:878: creating sdlallegro/Makefile
config.status:878: creating config.h
config.status:1107: executing depfiles commands

## ---------------- ##
## Cache variables. ##
## ---------------- ##

ac_cv_build=x86_64-unknown-linux-gnu
ac_cv_c_compiler_gnu=yes
ac_cv_env_CC_set=
ac_cv_env_CC_value=
ac_cv_env_CFLAGS_set=
ac_cv_env_CFLAGS_value=
ac_cv_env_CPPFLAGS_set=
ac_cv_env_CPPFLAGS_value=
ac_cv_env_LDFLAGS_set=
ac_cv_env_LDFLAGS_value=
ac_cv_env_LIBS_set=
ac_cv_env_LIBS_value=
ac_cv_env_build_alias_set=
ac_cv_env_build_alias_value=
ac_cv_env_host_alias_set=
ac_cv_env_host_alias_value=
ac_cv_env_target_alias_set=
ac_cv_env_target_alias_value=
ac_cv_host=x86_64-unknown-linux-gnu
ac_cv_lib_SDL_image_IMG_Load=yes
ac_cv_lib_SDL_mixer_Mix_Linked_Version=yes
ac_cv_objext=o
ac_cv_path_ALLEGRO_CONFIG=no
ac_cv_path_FT2_CONFIG=no
ac_cv_path_SDL_CONFIG=/usr/bin/sdl-config
ac_cv_path_install='/usr/bin/install -c'
ac_cv_path_mkdir=/usr/bin/mkdir
ac_cv_prog_AWK=gawk
ac_cv_prog_ac_ct_CC=gcc
ac_cv_prog_ac_ct_RANLIB=ranlib
ac_cv_prog_cc_c89=
ac_cv_prog_cc_g=yes
ac_cv_prog_make_make_set=yes
ac_cv_target=x86_64-unknown-linux-gnu
am_cv_CC_dependencies_compiler_type=gcc3
am_cv_make_support_nested_variables=yes
am_cv_prog_cc_c_o=yes

## ----------------- ##
## Output variables. ##
## ----------------- ##

ACLOCAL='aclocal-1.15'
ALLEGRO_CONFIG='no'
AMDEPBACKSLASH='\'
AMDEP_FALSE='#'
AMDEP_TRUE=''
AMTAR='$${TAR-tar}'
AM_BACKSLASH='\'
AM_DEFAULT_V='$(AM_DEFAULT_VERBOSITY)'
AM_DEFAULT_VERBOSITY='1'
AM_V='$(V)'
AUTOCONF='autoconf'
AUTOHEADER='autoheader'
AUTOMAKE='automake-1.15'
AWK='gawk'
CC='gcc'
CCDEPMODE='depmode=gcc3'
CFLAGS='-g -O2 -I/usr/include/SDL -D_GNU_SOURCE=1 -D_REENTRANT'
CPPFLAGS=''
CYGPATH_W='echo'
DEFS='-DHAVE_CONFIG_H'
DEPDIR='.deps'
ECHO_C=''
ECHO_N='-n'
ECHO_T=''
EXEEXT=''
FREETYPE_FALSE=''
FREETYPE_TRUE='#'
FT2_CFLAGS=''
FT2_CONFIG='no'
FT2_LIBS=''
HSNET_FALSE=''
HSNET_TRUE='#'
INSTALL_DATA='${INSTALL} -m 644'
INSTALL_PROGRAM='${INSTALL}'
INSTALL_SCRIPT='${INSTALL}'
INSTALL_STRIP_PROGRAM='$(install_sh) -c -s'
LDFLAGS=''
LIBCURL=''
LIBCURL_CPPFLAGS=''
LIBOBJS=''
LIBS='-lSDL_mixer -lSDL_image  -lSDL -lpthread'
LTLIBOBJS=''
MAKEINFO='makeinfo'
MKDIR_P='/usr/bin/mkdir -p'
OBJEXT='o'
PACKAGE='emufe'
PACKAGE_BUGREPORT='asmolar@sf.net'
PACKAGE_NAME='emufe'
PACKAGE_STRING='emufe 3.1.4'
PACKAGE_TARNAME='emufe'
PACKAGE_URL=''
PACKAGE_VERSION='3.1.4'
PATH_SEPARATOR=':'
RANLIB='ranlib'
SDL_CFLAGS='-I/usr/include/SDL -D_GNU_SOURCE=1 -D_REENTRANT'
SDL_CONFIG='/usr/bin/sdl-config'
SDL_LIBS='-lSDL -lpthread'
SET_MAKE=''
SHELL='/bin/sh'
STRIP=''
USEALLEGRO_FALSE=''
USEALLEGRO_TRUE='#'
USESDL_FALSE='#'
USESDL_TRUE=''
VERSION='3.1.4'
_libcurl_config=''
ac_ct_CC='gcc'
allegro_CFLAGS=''
allegro_LIBS=''
am__EXEEXT_FALSE=''
am__EXEEXT_TRUE='#'
am__fastdepCC_FALSE='#'
am__fastdepCC_TRUE=''
am__include='include'
am__isrc=''
am__leading_dot='.'
am__nodep='_no'
am__quote=''
am__tar='$${TAR-tar} chof - "$$tardir"'
am__untar='$${TAR-tar} xf -'
bindir='${exec_prefix}/bin'
build='x86_64-unknown-linux-gnu'
build_alias=''
build_cpu='x86_64'
build_os='linux-gnu'
build_vendor='unknown'
datadir='${datarootdir}'
datarootdir='${prefix}/share'
docdir='${datarootdir}/doc/${PACKAGE_TARNAME}'
dvidir='${docdir}'
exec_prefix='${prefix}'
host='x86_64-unknown-linux-gnu'
host_alias=''
host_cpu='x86_64'
host_os='linux-gnu'
host_vendor='unknown'
htmldir='${docdir}'
includedir='${prefix}/include'
infodir='${datarootdir}/info'
install_sh='${SHELL} /local/src/x86_64/emufe-3.1.4/install-sh'
libdir='${exec_prefix}/lib'
libexecdir='${exec_prefix}/libexec'
localedir='${datarootdir}/locale'
localstatedir='${prefix}/var'
mandir='${datarootdir}/man'
mkdir_p='$(MKDIR_P)'
oldincludedir='/usr/include'
pdfdir='${docdir}'
prefix='/usr/local'
program_transform_name='s,x,x,'
psdir='${docdir}'
sbindir='${exec_prefix}/sbin'
sharedstatedir='${prefix}/com'
sysconfdir='${prefix}/etc'
target='x86_64-unknown-linux-gnu'
target_alias=''
target_cpu='x86_64'
target_os='linux-gnu'
target_vendor='unknown'

## ----------- ##
## confdefs.h. ##
## ----------- ##

/* confdefs.h */
#define PACKAGE_NAME "emufe"
#define PACKAGE_TARNAME "emufe"
#define PACKAGE_VERSION "3.1.4"
#define PACKAGE_STRING "emufe 3.1.4"
#define PACKAGE_BUGREPORT "asmolar@sf.net"
#define PACKAGE_URL ""
#define PACKAGE "emufe"
#define VERSION "3.1.4"
#define INSTPREFIX "/usr/local"
#define HAVE_LIBSDL_IMAGE 1
#define HAVE_LIBSDL_MIXER 1

configure: exit 0

## ---------------------- ##
## Running config.status. ##
## ---------------------- ##

This file was extended by emufe config.status 3.1.4, which was
generated by GNU Autoconf 2.69.  Invocation command line was

  CONFIG_FILES    = 
  CONFIG_HEADERS  = 
  CONFIG_LINKS    = 
  CONFIG_COMMANDS = 
  $ ./config.status config.h

on mallard

config.status:878: creating config.h
config.status:1059: config.h is unchanged
